Using pre-set license
Built from '2021.1/staging' branch; Version is '2021.1.27f1 (7e296a84045d) revision 8268138'; Using compiler version '192528614'; Build Type 'Release'
OS: 'Windows 10 Pro; OS build 19042.1415; Version 2009; 64bit' Language: 'en' Physical Memory: 8067 MB
BatchMode: 1, IsHumanControllingUs: 0, StartBugReporterOnCrash: 0, Is64bit: 1, IsPro: 0

COMMAND LINE ARGUMENTS:
C:\Program Files\Unity\Hub\Editor\2021.1.27f1\Editor\Unity.exe
-adb2
-batchMode
-noUpm
-name
AssetImportWorker0
-projectPath
C:/Users/xhoni/Downloads/MegaMan-Unity-8Bit-Engine-master/MegaManEngineForUnity
-logFile
Logs/AssetImportWorker0.log
-srvPort
49346
Successfully changed project path to: C:/Users/xhoni/Downloads/MegaMan-Unity-8Bit-Engine-master/MegaManEngineForUnity
C:/Users/xhoni/Downloads/MegaMan-Unity-8Bit-Engine-master/MegaManEngineForUnity
Using Asset Import Pipeline V2.
Refreshing native plugins compatible for Editor in 99.86 ms, found 2 plugins.
Preloading 0 native plugins for Editor in 0.00 ms.
Initialize engine version: 2021.1.27f1 (7e296a84045d)
[Subsystems] Discovering subsystems at path C:/Program Files/Unity/Hub/Editor/2021.1.27f1/Editor/Data/Resources/UnitySubsystems
[Subsystems] Discovering subsystems at path C:/Users/xhoni/Downloads/MegaMan-Unity-8Bit-Engine-master/MegaManEngineForUnity/Assets
GfxDevice: creating device client; threaded=0; jobified=0
Direct3D:
    Version:  Direct3D 11.0 [level 11.1]
    Renderer: NVIDIA GeForce GTX 1050 (ID=0x1c8d)
    Vendor:   NVIDIA
    VRAM:     4021 MB
    Driver:   23.21.13.9125
Initialize mono
Mono path[0] = 'C:/Program Files/Unity/Hub/Editor/2021.1.27f1/Editor/Data/Managed'
Mono path[1] = 'C:/Program Files/Unity/Hub/Editor/2021.1.27f1/Editor/Data/MonoBleedingEdge/lib/mono/unityjit'
Mono config path = 'C:/Program Files/Unity/Hub/Editor/2021.1.27f1/Editor/Data/MonoBleedingEdge/etc'
Using monoOptions --debugger-agent=transport=dt_socket,embedding=1,server=y,suspend=n,address=127.0.0.1:56380
Begin MonoManager ReloadAssembly
Registering precompiled unity dll's ...
Register platform support module: C:/Program Files/Unity/Hub/Editor/2021.1.27f1/Editor/Data/PlaybackEngines/WebGLSupport/UnityEditor.WebGL.Extensions.dll
Register platform support module: C:/Program Files/Unity/Hub/Editor/2021.1.27f1/Editor/Data/PlaybackEngines/WindowsStandaloneSupport/UnityEditor.WindowsStandalone.Extensions.dll
Registered in 0.004258 seconds.
Native extension for WindowsStandalone target not found
Native extension for WebGL target not found
Refreshing native plugins compatible for Editor in 81.18 ms, found 2 plugins.
Preloading 0 native plugins for Editor in 0.00 ms.
Mono: successfully reloaded assembly
- Completed reload, in  7.242 seconds
Domain Reload Profiling:
	ReloadAssembly (7243ms)
		BeginReloadAssembly (160ms)
			ExecutionOrderSort (0ms)
			DisableScriptedObjects (0ms)
			BackupInstance (0ms)
			ReleaseScriptingObjects (0ms)
			CreateAndSetChildDomain (1ms)
		EndReloadAssembly (673ms)
			LoadAssemblies (158ms)
			RebuildTransferFunctionScriptingTraits (0ms)
			SetupTypeCache (225ms)
			ReleaseScriptCaches (0ms)
			RebuildScriptCaches (43ms)
			SetupLoadedEditorAssemblies (334ms)
				LogAssemblyErrors (0ms)
				InitializePlatformSupportModulesInManaged (10ms)
				SetLoadedEditorAssemblies (0ms)
				RefreshPlugins (81ms)
				BeforeProcessingInitializeOnLoad (2ms)
				ProcessInitializeOnLoadAttributes (199ms)
				ProcessInitializeOnLoadMethodAttributes (41ms)
				AfterProcessingInitializeOnLoad (0ms)
				EditorAssembliesLoaded (0ms)
			ExecutionOrderSort2 (0ms)
			AwakeInstancesAfterBackupRestoration (0ms)
Platform modules already initialized, skipping
Registering precompiled user dll's ...
Registered in 0.015866 seconds.
Begin MonoManager ReloadAssembly
Native extension for WindowsStandalone target not found
Native extension for WebGL target not found
Refreshing native plugins compatible for Editor in 0.92 ms, found 2 plugins.
Preloading 0 native plugins for Editor in 0.00 ms.
Mono: successfully reloaded assembly
- Completed reload, in  2.157 seconds
Domain Reload Profiling:
	ReloadAssembly (2158ms)
		BeginReloadAssembly (231ms)
			ExecutionOrderSort (0ms)
			DisableScriptedObjects (10ms)
			BackupInstance (0ms)
			ReleaseScriptingObjects (0ms)
			CreateAndSetChildDomain (24ms)
		EndReloadAssembly (1843ms)
			LoadAssemblies (321ms)
			RebuildTransferFunctionScriptingTraits (0ms)
			SetupTypeCache (494ms)
			ReleaseScriptCaches (1ms)
			RebuildScriptCaches (260ms)
			SetupLoadedEditorAssemblies (597ms)
				LogAssemblyErrors (0ms)
				InitializePlatformSupportModulesInManaged (7ms)
				SetLoadedEditorAssemblies (1ms)
				RefreshPlugins (1ms)
				BeforeProcessingInitializeOnLoad (95ms)
				ProcessInitializeOnLoadAttributes (377ms)
				ProcessInitializeOnLoadMethodAttributes (107ms)
				AfterProcessingInitializeOnLoad (9ms)
				EditorAssembliesLoaded (0ms)
			ExecutionOrderSort2 (0ms)
			AwakeInstancesAfterBackupRestoration (10ms)
Platform modules already initialized, skipping
========================================================================
Worker process is ready to serve import requests
Launched and connected shader compiler UnityShaderCompiler.exe after 0.07 seconds
Refreshing native plugins compatible for Editor in 0.83 ms, found 2 plugins.
Preloading 0 native plugins for Editor in 0.00 ms.
Unloading 2271 Unused Serialized files (Serialized files now loaded: 0)
System memory in use before: 165.0 MB.
System memory in use after: 165.2 MB.

Unloading 58 unused Assets to reduce memory usage. Loaded Objects now: 2693.
Total: 10.831400 ms (FindLiveObjects: 0.298800 ms CreateObjectMapping: 0.156300 ms MarkObjects: 10.268100 ms  DeleteObjects: 0.106800 ms)

AssetImportParameters requested are different than current active one (requested -> active):
  custom:framework-win-MediaFoundation: 216162199b28c13a410421893ffa2e32 -> 
  custom:video-decoder-ogg-theora: a1e56fd34408186e4bbccfd4996cb3dc -> 
  custom:container-muxer-webm: aa71ff27fc2769a1b78a27578f13a17b -> 
  custom:container-demuxer-webm: 4f35f7cbe854078d1ac9338744f61a02 -> 
  custom:container-demuxer-ogg: 62fdf1f143b41e24485cea50d1cbac27 -> 
  custom:video-encoder-webm-vp8: eb34c28f22e8b96e1ab97ce403110664 -> 
  custom:video-decoder-webm-vp8: 9c59270c3fd7afecdb556c50c9e8de78 -> 
  custom:audio-decoder-ogg-vorbis: bf7c407c2cedff20999df2af8eb42d56 -> 
  custom:audio-encoder-webm-vorbis: bf7c407c2cedff20999df2af8eb42d56 -> 
========================================================================
Received Import Request.
  path: Assets/Resources
  artifactKey: Guid(62208d7913d28fd41b01d5195f841942) Importer(815301076,1909f56bfc062723c751e8b465ee728b)
Start importing Assets/Resources using Guid(62208d7913d28fd41b01d5195f841942) Importer(815301076,1909f56bfc062723c751e8b465ee728b)  -> (artifact id: '6b4b2666d544ec24919e15b3a6b88224') in 0.017394 seconds 
========================================================================
Received Import Request.
  Time since last request: 0.000355 seconds.
  path: Assets/Resources/Sprites
  artifactKey: Guid(1f35fdfa882688e43ac4b7463aed3536) Importer(815301076,1909f56bfc062723c751e8b465ee728b)
Start importing Assets/Resources/Sprites using Guid(1f35fdfa882688e43ac4b7463aed3536) Importer(815301076,1909f56bfc062723c751e8b465ee728b)  -> (artifact id: 'c8ed1eeee4ae1829817ebcd43c836033') in 0.008355 seconds 
========================================================================
Received Prepare
Registering precompiled user dll's ...
Registered in 0.974593 seconds.
Begin MonoManager ReloadAssembly
Native extension for WindowsStandalone target not found
Native extension for WebGL target not found
Refreshing native plugins compatible for Editor in 1.10 ms, found 2 plugins.
Preloading 0 native plugins for Editor in 0.00 ms.
Mono: successfully reloaded assembly
- Completed reload, in  9.128 seconds
Domain Reload Profiling:
	ReloadAssembly (9128ms)
		BeginReloadAssembly (3162ms)
			ExecutionOrderSort (0ms)
			DisableScriptedObjects (8ms)
			BackupInstance (0ms)
			ReleaseScriptingObjects (0ms)
			CreateAndSetChildDomain (51ms)
		EndReloadAssembly (5813ms)
			LoadAssemblies (5681ms)
			RebuildTransferFunctionScriptingTraits (0ms)
			SetupTypeCache (1375ms)
			ReleaseScriptCaches (1ms)
			RebuildScriptCaches (51ms)
			SetupLoadedEditorAssemblies (1577ms)
				LogAssemblyErrors (0ms)
				InitializePlatformSupportModulesInManaged (6ms)
				SetLoadedEditorAssemblies (1ms)
				RefreshPlugins (1ms)
				BeforeProcessingInitializeOnLoad (71ms)
				ProcessInitializeOnLoadAttributes (438ms)
				ProcessInitializeOnLoadMethodAttributes (1050ms)
				AfterProcessingInitializeOnLoad (9ms)
				EditorAssembliesLoaded (0ms)
			ExecutionOrderSort2 (0ms)
			AwakeInstancesAfterBackupRestoration (9ms)
Platform modules already initialized, skipping
Refreshing native plugins compatible for Editor in 0.98 ms, found 2 plugins.
Preloading 0 native plugins for Editor in 0.00 ms.
Unloading 2259 Unused Serialized files (Serialized files now loaded: 0)
System memory in use before: 164.2 MB.
System memory in use after: 164.4 MB.

Unloading 49 unused Assets to reduce memory usage. Loaded Objects now: 2695.
Total: 8.597400 ms (FindLiveObjects: 0.187700 ms CreateObjectMapping: 0.102200 ms MarkObjects: 8.239500 ms  DeleteObjects: 0.066600 ms)

AssetImportParameters requested are different than current active one (requested -> active):
  custom:framework-win-MediaFoundation: 216162199b28c13a410421893ffa2e32 -> 
  custom:video-decoder-ogg-theora: a1e56fd34408186e4bbccfd4996cb3dc -> 
  custom:container-muxer-webm: aa71ff27fc2769a1b78a27578f13a17b -> 
  custom:container-demuxer-webm: 4f35f7cbe854078d1ac9338744f61a02 -> 
  custom:container-demuxer-ogg: 62fdf1f143b41e24485cea50d1cbac27 -> 
  custom:video-encoder-webm-vp8: eb34c28f22e8b96e1ab97ce403110664 -> 
  custom:video-decoder-webm-vp8: 9c59270c3fd7afecdb556c50c9e8de78 -> 
  custom:audio-decoder-ogg-vorbis: bf7c407c2cedff20999df2af8eb42d56 -> 
  custom:audio-encoder-webm-vorbis: bf7c407c2cedff20999df2af8eb42d56 -> 
========================================================================
Received Prepare
Registering precompiled user dll's ...
Registered in 0.025936 seconds.
Begin MonoManager ReloadAssembly
Native extension for WindowsStandalone target not found
Native extension for WebGL target not found
Refreshing native plugins compatible for Editor in 2.38 ms, found 2 plugins.
Preloading 0 native plugins for Editor in 0.00 ms.
Mono: successfully reloaded assembly
- Completed reload, in  4.416 seconds
Domain Reload Profiling:
	ReloadAssembly (4417ms)
		BeginReloadAssembly (393ms)
			ExecutionOrderSort (0ms)
			DisableScriptedObjects (18ms)
			BackupInstance (0ms)
			ReleaseScriptingObjects (0ms)
			CreateAndSetChildDomain (122ms)
		EndReloadAssembly (3851ms)
			LoadAssemblies (370ms)
			RebuildTransferFunctionScriptingTraits (0ms)
			SetupTypeCache (1217ms)
			ReleaseScriptCaches (3ms)
			RebuildScriptCaches (166ms)
			SetupLoadedEditorAssemblies (1730ms)
				LogAssemblyErrors (0ms)
				InitializePlatformSupportModulesInManaged (28ms)
				SetLoadedEditorAssemblies (1ms)
				RefreshPlugins (3ms)
				BeforeProcessingInitializeOnLoad (232ms)
				ProcessInitializeOnLoadAttributes (1121ms)
				ProcessInitializeOnLoadMethodAttributes (297ms)
				AfterProcessingInitializeOnLoad (47ms)
				EditorAssembliesLoaded (1ms)
			ExecutionOrderSort2 (0ms)
			AwakeInstancesAfterBackupRestoration (25ms)
Platform modules already initialized, skipping
Refreshing native plugins compatible for Editor in 2.05 ms, found 2 plugins.
Preloading 0 native plugins for Editor in 0.00 ms.
Unloading 2259 Unused Serialized files (Serialized files now loaded: 0)
System memory in use before: 164.2 MB.
System memory in use after: 164.4 MB.

Unloading 49 unused Assets to reduce memory usage. Loaded Objects now: 2697.
Total: 28.233300 ms (FindLiveObjects: 0.510400 ms CreateObjectMapping: 0.424900 ms MarkObjects: 27.013500 ms  DeleteObjects: 0.276400 ms)

AssetImportParameters requested are different than current active one (requested -> active):
  custom:framework-win-MediaFoundation: 216162199b28c13a410421893ffa2e32 -> 
  custom:video-decoder-ogg-theora: a1e56fd34408186e4bbccfd4996cb3dc -> 
  custom:container-muxer-webm: aa71ff27fc2769a1b78a27578f13a17b -> 
  custom:container-demuxer-webm: 4f35f7cbe854078d1ac9338744f61a02 -> 
  custom:container-demuxer-ogg: 62fdf1f143b41e24485cea50d1cbac27 -> 
  custom:video-encoder-webm-vp8: eb34c28f22e8b96e1ab97ce403110664 -> 
  custom:video-decoder-webm-vp8: 9c59270c3fd7afecdb556c50c9e8de78 -> 
  custom:audio-decoder-ogg-vorbis: bf7c407c2cedff20999df2af8eb42d56 -> 
  custom:audio-encoder-webm-vorbis: bf7c407c2cedff20999df2af8eb42d56 -> 
========================================================================
Received Import Request.
  Time since last request: 963.503859 seconds.
  path: Assets/_Packages/2d-extras-2018.2
  artifactKey: Guid(627e104f3ae7b0a4b97c06fd841303f5) Importer(815301076,1909f56bfc062723c751e8b465ee728b)
Start importing Assets/_Packages/2d-extras-2018.2 using Guid(627e104f3ae7b0a4b97c06fd841303f5) Importer(815301076,1909f56bfc062723c751e8b465ee728b)  -> (artifact id: 'c02ed9bd86d410f21dc8caefb6348a3e') in 0.014922 seconds 
========================================================================
Received Import Request.
  Time since last request: 1.610229 seconds.
  path: Assets/_Packages/2d-extras-2018.2/LICENSE.md
  artifactKey: Guid(3d60e10114c32144e973574ac06503ce) Importer(815301076,1909f56bfc062723c751e8b465ee728b)
Start importing Assets/_Packages/2d-extras-2018.2/LICENSE.md using Guid(3d60e10114c32144e973574ac06503ce) Importer(815301076,1909f56bfc062723c751e8b465ee728b)  -> (artifact id: '9304550ffe87acaaf839da16673ead54') in 0.070711 seconds 
========================================================================
Received Import Request.
  Time since last request: 4.289795 seconds.
  path: Assets/_Packages/2d-extras-2018.2/README.md
  artifactKey: Guid(2cdd9b7d24a3cc34e8f42104e42429a3) Importer(815301076,1909f56bfc062723c751e8b465ee728b)
Start importing Assets/_Packages/2d-extras-2018.2/README.md using Guid(2cdd9b7d24a3cc34e8f42104e42429a3) Importer(815301076,1909f56bfc062723c751e8b465ee728b)  -> (artifact id: '0c5c4d6e1663185483a3176e8da7c5a9') in 0.015930 seconds 
========================================================================
Received Import Request.
  Time since last request: 5.768366 seconds.
  path: Assets/_Packages/2d-extras-2018.2/Assets
  artifactKey: Guid(61613cce2eff8c648bacc255daca6ba3) Importer(815301076,1909f56bfc062723c751e8b465ee728b)
Start importing Assets/_Packages/2d-extras-2018.2/Assets using Guid(61613cce2eff8c648bacc255daca6ba3) Importer(815301076,1909f56bfc062723c751e8b465ee728b)  -> (artifact id: '6896eb0a6c70ac9331f2e4516126550c') in 0.021115 seconds 
========================================================================
Received Import Request.
  Time since last request: 1.224220 seconds.
  path: Assets/_Packages/2d-extras-2018.2/Assets/Tilemap
  artifactKey: Guid(cf9ccd4324df2364db3ac79b01297df5) Importer(815301076,1909f56bfc062723c751e8b465ee728b)
Start importing Assets/_Packages/2d-extras-2018.2/Assets/Tilemap using Guid(cf9ccd4324df2364db3ac79b01297df5) Importer(815301076,1909f56bfc062723c751e8b465ee728b)  -> (artifact id: '9202983ebd807bc00a310c487b09c486') in 0.021525 seconds 
========================================================================
Received Import Request.
  Time since last request: 0.772974 seconds.
  path: Assets/_Packages/2d-extras-2018.2/Assets/Tilemap/Brushes
  artifactKey: Guid(43e293f28d16b1e49a0e7065fabda4f2) Importer(815301076,1909f56bfc062723c751e8b465ee728b)
Start importing Assets/_Packages/2d-extras-2018.2/Assets/Tilemap/Brushes using Guid(43e293f28d16b1e49a0e7065fabda4f2) Importer(815301076,1909f56bfc062723c751e8b465ee728b)  -> (artifact id: '17c41d2c80fa82ce98bf13b0ea34e643') in 0.009120 seconds 
========================================================================
Received Import Request.
  Time since last request: 0.814812 seconds.
  path: Assets/_Packages/2d-extras-2018.2/Assets/Tilemap/Brushes/Coordinate Brush
  artifactKey: Guid(a9fdf071ee2746a4b9db02f10619fe06) Importer(815301076,1909f56bfc062723c751e8b465ee728b)
Start importing Assets/_Packages/2d-extras-2018.2/Assets/Tilemap/Brushes/Coordinate Brush using Guid(a9fdf071ee2746a4b9db02f10619fe06) Importer(815301076,1909f56bfc062723c751e8b465ee728b)  -> (artifact id: 'e7a62e798cebb26f924593997f9b9820') in 0.012741 seconds 
========================================================================
Received Import Request.
  Time since last request: 0.768646 seconds.
  path: Assets/_Packages/2d-extras-2018.2/Assets/Tilemap/Brushes/Coordinate Brush/Scripts
  artifactKey: Guid(2ea50964d54e5fe4daef60544c57e629) Importer(815301076,1909f56bfc062723c751e8b465ee728b)
Start importing Assets/_Packages/2d-extras-2018.2/Assets/Tilemap/Brushes/Coordinate Brush/Scripts using Guid(2ea50964d54e5fe4daef60544c57e629) Importer(815301076,1909f56bfc062723c751e8b465ee728b)  -> (artifact id: '4a64dedbdfae6132cb876ccc22af0c32') in 0.010855 seconds 
========================================================================
Received Import Request.
  Time since last request: 0.674661 seconds.
  path: Assets/_Packages/2d-extras-2018.2/Assets/Tilemap/Brushes/Coordinate Brush/Scripts/Editor
  artifactKey: Guid(8b52b57c2118b2f4683f6e203db78e87) Importer(815301076,1909f56bfc062723c751e8b465ee728b)
Start importing Assets/_Packages/2d-extras-2018.2/Assets/Tilemap/Brushes/Coordinate Brush/Scripts/Editor using Guid(8b52b57c2118b2f4683f6e203db78e87) Importer(815301076,1909f56bfc062723c751e8b465ee728b)  -> (artifact id: '26253afe08d9a0e24133524903c09c8e') in 0.012828 seconds 
========================================================================
Received Import Request.
  Time since last request: 6.965140 seconds.
  path: Assets/_Packages/2d-extras-2018.2/Assets/Tilemap/Brushes/GameObject Brush/Scripts/Editor/GameObjectBrush.cs
  artifactKey: Guid(0abded712ad706044a53ef292972edbb) Importer(815301076,1909f56bfc062723c751e8b465ee728b)
Start importing Assets/_Packages/2d-extras-2018.2/Assets/Tilemap/Brushes/GameObject Brush/Scripts/Editor/GameObjectBrush.cs using Guid(0abded712ad706044a53ef292972edbb) Importer(815301076,1909f56bfc062723c751e8b465ee728b)  -> (artifact id: 'c27a4ca607e5ee419188ebaffec83409') in 0.024720 seconds 
========================================================================
Received Prepare
Registering precompiled user dll's ...
Registered in 0.020743 seconds.
Begin MonoManager ReloadAssembly
Native extension for WindowsStandalone target not found
Native extension for WebGL target not found
Refreshing native plugins compatible for Editor in 1.17 ms, found 5 plugins.
Preloading 0 native plugins for Editor in 0.00 ms.
Mono: successfully reloaded assembly
- Completed reload, in  2.660 seconds
Domain Reload Profiling:
	ReloadAssembly (2661ms)
		BeginReloadAssembly (362ms)
			ExecutionOrderSort (0ms)
			DisableScriptedObjects (16ms)
			BackupInstance (0ms)
			ReleaseScriptingObjects (0ms)
			CreateAndSetChildDomain (120ms)
		EndReloadAssembly (1933ms)
			LoadAssemblies (250ms)
			RebuildTransferFunctionScriptingTraits (0ms)
			SetupTypeCache (704ms)
			ReleaseScriptCaches (1ms)
			RebuildScriptCaches (98ms)
			SetupLoadedEditorAssemblies (744ms)
				LogAssemblyErrors (0ms)
				InitializePlatformSupportModulesInManaged (10ms)
				SetLoadedEditorAssemblies (1ms)
				RefreshPlugins (1ms)
				BeforeProcessingInitializeOnLoad (112ms)
				ProcessInitializeOnLoadAttributes (472ms)
				ProcessInitializeOnLoadMethodAttributes (132ms)
				AfterProcessingInitializeOnLoad (15ms)
				EditorAssembliesLoaded (0ms)
			ExecutionOrderSort2 (0ms)
			AwakeInstancesAfterBackupRestoration (16ms)
Platform modules already initialized, skipping
Refreshing native plugins compatible for Editor in 1.50 ms, found 5 plugins.
Preloading 0 native plugins for Editor in 0.00 ms.
Unloading 2402 Unused Serialized files (Serialized files now loaded: 0)
System memory in use before: 170.8 MB.
System memory in use after: 170.8 MB.

Unloading 62 unused Assets to reduce memory usage. Loaded Objects now: 2829.
Total: 10.991000 ms (FindLiveObjects: 0.247300 ms CreateObjectMapping: 0.153900 ms MarkObjects: 10.361200 ms  DeleteObjects: 0.226600 ms)

AssetImportParameters requested are different than current active one (requested -> active):
  custom:framework-win-MediaFoundation: 216162199b28c13a410421893ffa2e32 -> 
  custom:video-decoder-ogg-theora: a1e56fd34408186e4bbccfd4996cb3dc -> 
  custom:container-muxer-webm: aa71ff27fc2769a1b78a27578f13a17b -> 
  custom:container-demuxer-webm: 4f35f7cbe854078d1ac9338744f61a02 -> 
  custom:container-demuxer-ogg: 62fdf1f143b41e24485cea50d1cbac27 -> 
  custom:video-encoder-webm-vp8: eb34c28f22e8b96e1ab97ce403110664 -> 
  custom:video-decoder-webm-vp8: 9c59270c3fd7afecdb556c50c9e8de78 -> 
  custom:audio-decoder-ogg-vorbis: bf7c407c2cedff20999df2af8eb42d56 -> 
  custom:audio-encoder-webm-vorbis: bf7c407c2cedff20999df2af8eb42d56 -> 
========================================================================
Received Prepare
Registering precompiled user dll's ...
Registered in 0.036004 seconds.
Begin MonoManager ReloadAssembly
Native extension for WindowsStandalone target not found
Native extension for WebGL target not found
Refreshing native plugins compatible for Editor in 9.25 ms, found 5 plugins.
Preloading 0 native plugins for Editor in 0.00 ms.
Mono: successfully reloaded assembly
- Completed reload, in  5.574 seconds
Domain Reload Profiling:
	ReloadAssembly (5575ms)
		BeginReloadAssembly (561ms)
			ExecutionOrderSort (0ms)
			DisableScriptedObjects (32ms)
			BackupInstance (0ms)
			ReleaseScriptingObjects (0ms)
			CreateAndSetChildDomain (168ms)
		EndReloadAssembly (4744ms)
			LoadAssemblies (508ms)
			RebuildTransferFunctionScriptingTraits (0ms)
			SetupTypeCache (1286ms)
			ReleaseScriptCaches (4ms)
			RebuildScriptCaches (169ms)
			SetupLoadedEditorAssemblies (2431ms)
				LogAssemblyErrors (0ms)
				InitializePlatformSupportModulesInManaged (17ms)
				SetLoadedEditorAssemblies (1ms)
				RefreshPlugins (10ms)
				BeforeProcessingInitializeOnLoad (417ms)
				ProcessInitializeOnLoadAttributes (1569ms)
				ProcessInitializeOnLoadMethodAttributes (393ms)
				AfterProcessingInitializeOnLoad (22ms)
				EditorAssembliesLoaded (1ms)
			ExecutionOrderSort2 (0ms)
			AwakeInstancesAfterBackupRestoration (36ms)
Platform modules already initialized, skipping
Refreshing native plugins compatible for Editor in 3.25 ms, found 5 plugins.
Preloading 0 native plugins for Editor in 0.00 ms.
Unloading 2402 Unused Serialized files (Serialized files now loaded: 0)
System memory in use before: 170.9 MB.
System memory in use after: 170.9 MB.

Unloading 62 unused Assets to reduce memory usage. Loaded Objects now: 2831.
Total: 48.975500 ms (FindLiveObjects: 0.553600 ms CreateObjectMapping: 0.316500 ms MarkObjects: 47.025300 ms  DeleteObjects: 1.075900 ms)

AssetImportParameters requested are different than current active one (requested -> active):
  custom:framework-win-MediaFoundation: 216162199b28c13a410421893ffa2e32 -> 
  custom:video-decoder-ogg-theora: a1e56fd34408186e4bbccfd4996cb3dc -> 
  custom:container-muxer-webm: aa71ff27fc2769a1b78a27578f13a17b -> 
  custom:container-demuxer-webm: 4f35f7cbe854078d1ac9338744f61a02 -> 
  custom:container-demuxer-ogg: 62fdf1f143b41e24485cea50d1cbac27 -> 
  custom:video-encoder-webm-vp8: eb34c28f22e8b96e1ab97ce403110664 -> 
  custom:video-decoder-webm-vp8: 9c59270c3fd7afecdb556c50c9e8de78 -> 
  custom:audio-decoder-ogg-vorbis: bf7c407c2cedff20999df2af8eb42d56 -> 
  custom:audio-encoder-webm-vorbis: bf7c407c2cedff20999df2af8eb42d56 -> 
========================================================================
Received Import Request.
  Time since last request: 819.225534 seconds.
  path: Assets/Scenes/Fortress_Roll3D.unity
  artifactKey: Guid(aa81d7eabd35af141a6b1401a570d97f) Importer(815301076,1909f56bfc062723c751e8b465ee728b)
Start importing Assets/Scenes/Fortress_Roll3D.unity using Guid(aa81d7eabd35af141a6b1401a570d97f) Importer(815301076,1909f56bfc062723c751e8b465ee728b)  -> (artifact id: '6218e7db8a09605c97038c632a12bc02') in 0.027047 seconds 
========================================================================
Received Prepare
Registering precompiled user dll's ...
Registered in 0.017238 seconds.
Begin MonoManager ReloadAssembly
Native extension for WindowsStandalone target not found
Native extension for WebGL target not found
Refreshing native plugins compatible for Editor in 2.31 ms, found 5 plugins.
Preloading 0 native plugins for Editor in 0.00 ms.
Mono: successfully reloaded assembly
- Completed reload, in  3.138 seconds
Domain Reload Profiling:
	ReloadAssembly (3139ms)
		BeginReloadAssembly (405ms)
			ExecutionOrderSort (0ms)
			DisableScriptedObjects (16ms)
			BackupInstance (0ms)
			ReleaseScriptingObjects (0ms)
			CreateAndSetChildDomain (128ms)
		EndReloadAssembly (2576ms)
			LoadAssemblies (356ms)
			RebuildTransferFunctionScriptingTraits (0ms)
			SetupTypeCache (856ms)
			ReleaseScriptCaches (3ms)
			RebuildScriptCaches (118ms)
			SetupLoadedEditorAssemblies (1066ms)
				LogAssemblyErrors (0ms)
				InitializePlatformSupportModulesInManaged (19ms)
				SetLoadedEditorAssemblies (1ms)
				RefreshPlugins (3ms)
				BeforeProcessingInitializeOnLoad (154ms)
				ProcessInitializeOnLoadAttributes (686ms)
				ProcessInitializeOnLoadMethodAttributes (188ms)
				AfterProcessingInitializeOnLoad (17ms)
				EditorAssembliesLoaded (1ms)
			ExecutionOrderSort2 (0ms)
			AwakeInstancesAfterBackupRestoration (21ms)
Platform modules already initialized, skipping
Refreshing native plugins compatible for Editor in 9.10 ms, found 5 plugins.
Preloading 0 native plugins for Editor in 0.00 ms.
Unloading 2402 Unused Serialized files (Serialized files now loaded: 0)
System memory in use before: 170.8 MB.
System memory in use after: 170.8 MB.

Unloading 62 unused Assets to reduce memory usage. Loaded Objects now: 2833.
Total: 16.518700 ms (FindLiveObjects: 0.541300 ms CreateObjectMapping: 0.421600 ms MarkObjects: 15.291800 ms  DeleteObjects: 0.261200 ms)

AssetImportParameters requested are different than current active one (requested -> active):
  custom:framework-win-MediaFoundation: 216162199b28c13a410421893ffa2e32 -> 
  custom:video-decoder-ogg-theora: a1e56fd34408186e4bbccfd4996cb3dc -> 
  custom:container-muxer-webm: aa71ff27fc2769a1b78a27578f13a17b -> 
  custom:container-demuxer-webm: 4f35f7cbe854078d1ac9338744f61a02 -> 
  custom:container-demuxer-ogg: 62fdf1f143b41e24485cea50d1cbac27 -> 
  custom:video-encoder-webm-vp8: eb34c28f22e8b96e1ab97ce403110664 -> 
  custom:video-decoder-webm-vp8: 9c59270c3fd7afecdb556c50c9e8de78 -> 
  custom:audio-decoder-ogg-vorbis: bf7c407c2cedff20999df2af8eb42d56 -> 
  custom:audio-encoder-webm-vorbis: bf7c407c2cedff20999df2af8eb42d56 -> 
========================================================================
Received Import Request.
  Time since last request: 222.289865 seconds.
  path: Assets/Scenes/Stage_WindMan.unity
  artifactKey: Guid(f98416453fe53c74996325bcb86db712) Importer(815301076,1909f56bfc062723c751e8b465ee728b)
Start importing Assets/Scenes/Stage_WindMan.unity using Guid(f98416453fe53c74996325bcb86db712) Importer(815301076,1909f56bfc062723c751e8b465ee728b)  -> (artifact id: '349126253b349c1faccc7942c0bf9ef5') in 0.131788 seconds 
========================================================================
Received Import Request.
  Time since last request: 21.317701 seconds.
  path: Assets/Scenes/Stage_PharaohMan.unity
  artifactKey: Guid(ca8e5e78c7685a845a824435b6b070eb) Importer(815301076,1909f56bfc062723c751e8b465ee728b)
Start importing Assets/Scenes/Stage_PharaohMan.unity using Guid(ca8e5e78c7685a845a824435b6b070eb) Importer(815301076,1909f56bfc062723c751e8b465ee728b)  -> (artifact id: '2f5eee44993ac5461ab20fb8b44fcba1') in 0.015608 seconds 
========================================================================
Received Prepare
Registering precompiled user dll's ...
Registered in 0.011510 seconds.
Begin MonoManager ReloadAssembly
Native extension for WindowsStandalone target not found
Native extension for WebGL target not found
Refreshing native plugins compatible for Editor in 2.55 ms, found 5 plugins.
Preloading 0 native plugins for Editor in 0.00 ms.
Mono: successfully reloaded assembly
- Completed reload, in  4.287 seconds
Domain Reload Profiling:
	ReloadAssembly (4288ms)
		BeginReloadAssembly (441ms)
			ExecutionOrderSort (0ms)
			DisableScriptedObjects (37ms)
			BackupInstance (0ms)
			ReleaseScriptingObjects (1ms)
			CreateAndSetChildDomain (146ms)
		EndReloadAssembly (3633ms)
			LoadAssemblies (407ms)
			RebuildTransferFunctionScriptingTraits (0ms)
			SetupTypeCache (1169ms)
			ReleaseScriptCaches (2ms)
			RebuildScriptCaches (156ms)
			SetupLoadedEditorAssemblies (1564ms)
				LogAssemblyErrors (0ms)
				InitializePlatformSupportModulesInManaged (21ms)
				SetLoadedEditorAssemblies (1ms)
				RefreshPlugins (3ms)
				BeforeProcessingInitializeOnLoad (201ms)
				ProcessInitializeOnLoadAttributes (1056ms)
				ProcessInitializeOnLoadMethodAttributes (246ms)
				AfterProcessingInitializeOnLoad (35ms)
				EditorAssembliesLoaded (3ms)
			ExecutionOrderSort2 (0ms)
			AwakeInstancesAfterBackupRestoration (23ms)
Platform modules already initialized, skipping
Refreshing native plugins compatible for Editor in 3.16 ms, found 5 plugins.
Preloading 0 native plugins for Editor in 0.00 ms.
Unloading 2402 Unused Serialized files (Serialized files now loaded: 0)
System memory in use before: 170.9 MB.
System memory in use after: 170.9 MB.

Unloading 62 unused Assets to reduce memory usage. Loaded Objects now: 2835.
Total: 20.041800 ms (FindLiveObjects: 0.663500 ms CreateObjectMapping: 0.720400 ms MarkObjects: 18.440000 ms  DeleteObjects: 0.215300 ms)

AssetImportParameters requested are different than current active one (requested -> active):
  custom:framework-win-MediaFoundation: 216162199b28c13a410421893ffa2e32 -> 
  custom:video-decoder-ogg-theora: a1e56fd34408186e4bbccfd4996cb3dc -> 
  custom:container-muxer-webm: aa71ff27fc2769a1b78a27578f13a17b -> 
  custom:container-demuxer-webm: 4f35f7cbe854078d1ac9338744f61a02 -> 
  custom:container-demuxer-ogg: 62fdf1f143b41e24485cea50d1cbac27 -> 
  custom:video-encoder-webm-vp8: eb34c28f22e8b96e1ab97ce403110664 -> 
  custom:video-decoder-webm-vp8: 9c59270c3fd7afecdb556c50c9e8de78 -> 
  custom:audio-decoder-ogg-vorbis: bf7c407c2cedff20999df2af8eb42d56 -> 
  custom:audio-encoder-webm-vorbis: bf7c407c2cedff20999df2af8eb42d56 -> 
AssetImportWorkerClient::OnTransportError - code=2 error=End of file
